2024-06-28 12:37:38.564 INFO  (main) [] o.e.j.s.Server jetty-10.0.17; built: 2023-10-09T18:22:21.150Z; git: af15f12297adf5c5083e1f2f8f4c5974438bca25; jvm 17.0.9+11-LTS-201
2024-06-28 12:37:40.769 WARN  (main) [] o.e.j.u.DeprecationWarning Using @Deprecated Class org.eclipse.jetty.servlet.listener.ELContextCleaner
2024-06-28 12:37:40.820 INFO  (main) [] o.a.s.s.CoreContainerProvider Using logger factory org.apache.logging.slf4j.Log4jLoggerFactory
2024-06-28 12:37:40.846 INFO  (main) [] o.a.s.s.CoreContainerProvider  ___      _       Welcome to Apache Solr™ version 9.4.0
2024-06-28 12:37:40.847 INFO  (main) [] o.a.s.s.CoreContainerProvider / __| ___| |_ _   Starting in standalone mode on port 8983
2024-06-28 12:37:40.847 INFO  (main) [] o.a.s.s.CoreContainerProvider \__ \/ _ \ | '_|  Install dir: D:\ChatBot\solr\solr-9.4.0
2024-06-28 12:37:40.848 INFO  (main) [] o.a.s.s.CoreContainerProvider |___/\___/_|_|    Start time: 2024-06-28T12:37:40.848128800Z
2024-06-28 12:37:40.854 INFO  (main) [] o.a.s.s.CoreContainerProvider Solr started with "-XX:+CrashOnOutOfMemoryError" that will crash on any OutOfMemoryError exception. The cause of the OOME will be logged in the crash file at the following path: D:\ChatBot\solr\solr-9.4.0\server\logs\jvm_crash_16096.log
2024-06-28 12:37:40.956 INFO  (main) [] o.a.s.s.CoreContainerProvider Solr Home: D:\ChatBot\solr\solr-9.4.0\server\solr (source: system property: solr.solr.home)
2024-06-28 12:37:40.998 INFO  (main) [] o.a.s.c.SolrXmlConfig Loading solr.xml from D:\ChatBot\solr\solr-9.4.0\server\solr\solr.xml
2024-06-28 12:37:41.085 INFO  (main) [] o.a.s.c.SolrResourceLoader Added 1 libs to classloader, from paths: [/D:/ChatBot/solr/solr-9.4.0/lib]
2024-06-28 12:37:42.609 INFO  (main) [] o.a.s.u.t.SimplePropagator Always-on trace id generation enabled.
2024-06-28 12:37:43.771 WARN  (main) [] o.a.s.u.StartupLoggingUtils Jetty request logging enabled. Will retain logs for last 3 days. See chapter "Configuring Logging" in reference guide for how to configure.
2024-06-28 12:37:43.775 WARN  (main) [] o.a.s.c.CoreContainer Not all security plugins configured!  authentication=disabled authorization=disabled.  Solr is only as secure as you make it. Consider configuring authentication/authorization before exposing Solr to users internal or external.  See https://s.apache.org/solrsecurity for more info
2024-06-28 12:37:44.282 INFO  (main) [] o.a.s.c.CorePropertiesLocator Found 1 core definitions underneath D:\ChatBot\solr\solr-9.4.0\server\solr
2024-06-28 12:37:44.283 INFO  (main) [] o.a.s.c.CorePropertiesLocator Cores are: [octo-spoon]
2024-06-28 12:37:44.462 INFO  (coreLoadExecutor-11-thread-1) [ x:octo-spoon] o.a.s.c.SolrResourceLoader Added 90 libs to classloader, from paths: [/D:/ChatBot/solr/solr-9.4.0/modules/clustering/lib, /D:/ChatBot/solr/solr-9.4.0/modules/extraction/lib, /D:/ChatBot/solr/solr-9.4.0/modules/langid/lib, /D:/ChatBot/solr/solr-9.4.0/modules/ltr/lib, /D:/ChatBot/solr/solr-9.4.0/modules/scripting/lib]
2024-06-28 12:37:45.019 WARN  (main) [] o.g.j.m.i.MessagingBinders A class javax.activation.DataSource for a default provider MessageBodyWriter<javax.activation.DataSource> was not found. The provider is not available.
2024-06-28 12:37:45.931 INFO  (main) [] o.a.s.j.SolrRequestAuthorizer Creating a new SolrRequestAuthorizer
2024-06-28 12:37:46.925 INFO  (main) [] o.e.j.s.h.ContextHandler Started o.e.j.w.WebAppContext@1d572e62{solr-jetty-context.xml,/solr,file:///D:/ChatBot/solr/solr-9.4.0/server/solr-webapp/webapp/,AVAILABLE}{D:\ChatBot\solr\solr-9.4.0\server/solr-webapp/webapp}
2024-06-28 12:37:46.936 INFO  (main) [] o.e.j.s.RequestLogWriter Opened D:\ChatBot\solr\solr-9.4.0\server\logs\2024_06_28.request.log
2024-06-28 12:37:46.945 INFO  (main) [] o.e.j.s.AbstractConnector Started ServerConnector@3a94964{HTTP/1.1, (http/1.1, h2c)}{127.0.0.1:8983}
2024-06-28 12:37:46.947 INFO  (main) [] o.e.j.s.Server Started Server@f9879ac{STARTING}[10.0.17,sto=0] @16132ms
2024-06-28 12:37:47.265 INFO  (qtp854733477-18) [ t:localhost-1] o.a.s.s.HttpSolrCall [admin] webapp=null path=/admin/info/system params={wt=javabin&version=2} status=0 QTime=120
2024-06-28 12:37:49.162 INFO  (coreLoadExecutor-11-thread-1) [ x:octo-spoon] o.a.s.c.SolrConfig Using Lucene MatchVersion: 9.8.0
2024-06-28 12:37:49.169 INFO  (coreLoadExecutor-11-thread-1) [ x:octo-spoon] o.a.s.u.SolrIndexConfig IndexWriter infoStream solr logging is enabled
2024-06-28 12:37:49.262 INFO  (coreLoadExecutor-11-thread-1) [ x:octo-spoon] o.a.s.s.IndexSchema Schema name=example
2024-06-28 12:37:50.286 INFO  (coreLoadExecutor-11-thread-1) [ x:octo-spoon] o.a.s.r.RestManager Registered ManagedResource impl org.apache.solr.rest.schema.analysis.ManagedWordSetResource for path /schema/analysis/stopwords/english
2024-06-28 12:37:50.287 INFO  (coreLoadExecutor-11-thread-1) [ x:octo-spoon] o.a.s.r.RestManager Registered ManagedResource impl org.apache.solr.rest.schema.analysis.ManagedSynonymGraphFilterFactory$SynonymManager for path /schema/analysis/synonyms/english
2024-06-28 12:37:50.287 INFO  (coreLoadExecutor-11-thread-1) [ x:octo-spoon] o.a.s.r.RestManager Added observer of type org.apache.solr.rest.schema.analysis.ManagedStopFilterFactory to existing ManagedResource /schema/analysis/stopwords/english
2024-06-28 12:37:50.287 INFO  (coreLoadExecutor-11-thread-1) [ x:octo-spoon] o.a.s.r.RestManager Added observer of type org.apache.solr.rest.schema.analysis.ManagedSynonymGraphFilterFactory to existing ManagedResource /schema/analysis/synonyms/english
2024-06-28 12:37:50.336 INFO  (coreLoadExecutor-11-thread-1) [ x:octo-spoon] o.a.s.s.IndexSchema Loaded schema example/1.6 with uniqueid field id
2024-06-28 12:37:50.397 INFO  (coreLoadExecutor-11-thread-1) [ x:octo-spoon] o.a.s.c.CoreContainer Creating SolrCore 'octo-spoon' using configuration from instancedir D:\ChatBot\solr\solr-9.4.0\server\solr\octo-spoon, trusted=true
2024-06-28 12:37:50.449 INFO  (coreLoadExecutor-11-thread-1) [ x:octo-spoon] o.a.s.c.SolrCore Opening new SolrCore at [D:\ChatBot\solr\solr-9.4.0\server\solr\octo-spoon], dataDir=[D:\ChatBot\solr\solr-9.4.0\server\solr\octo-spoon\data\]
2024-06-28 12:37:51.241 INFO  (coreLoadExecutor-11-thread-1) [ x:octo-spoon] o.a.s.j.SolrRequestAuthorizer Creating a new SolrRequestAuthorizer
2024-06-28 12:37:51.298 INFO  (coreLoadExecutor-11-thread-1) [ x:octo-spoon] o.a.s.u.UpdateHandler Using UpdateLog implementation: org.apache.solr.update.UpdateLog
2024-06-28 12:37:51.298 INFO  (coreLoadExecutor-11-thread-1) [ x:octo-spoon] o.a.s.u.UpdateLog Initializing UpdateLog: dataDir= defaultSyncLevel=FLUSH numRecordsToKeep=100 maxNumLogsToKeep=10 numVersionBuckets=65536
2024-06-28 12:37:51.415 INFO  (coreLoadExecutor-11-thread-1) [ x:octo-spoon] o.a.s.u.CommitTracker Hard AutoCommit: if uncommitted for 15000ms; 
2024-06-28 12:37:51.416 INFO  (coreLoadExecutor-11-thread-1) [ x:octo-spoon] o.a.s.u.CommitTracker Soft AutoCommit: if uncommitted for 3000ms; 
2024-06-28 12:37:52.882 INFO  (coreLoadExecutor-11-thread-1) [ x:octo-spoon] o.a.s.r.ManagedResourceStorage File-based storage initialized to use dir: D:\ChatBot\solr\solr-9.4.0\server\solr\octo-spoon\conf
2024-06-28 12:37:52.894 INFO  (coreLoadExecutor-11-thread-1) [ x:octo-spoon] o.a.s.r.ManagedResourceStorage Loaded LinkedHashMap at path _rest_managed.json using file:dir=D:\ChatBot\solr\solr-9.4.0\server\solr\octo-spoon\conf
2024-06-28 12:37:52.894 INFO  (coreLoadExecutor-11-thread-1) [ x:octo-spoon] o.a.s.r.ManagedResource Loaded initArgs {} for /rest/managed
2024-06-28 12:37:52.903 INFO  (coreLoadExecutor-11-thread-1) [ x:octo-spoon] o.a.s.r.ManagedResourceStorage Loaded LinkedHashMap at path _schema_analysis_stopwords_english.json using file:dir=D:\ChatBot\solr\solr-9.4.0\server\solr\octo-spoon\conf
2024-06-28 12:37:52.904 INFO  (coreLoadExecutor-11-thread-1) [ x:octo-spoon] o.a.s.r.ManagedResource Loaded initArgs {ignoreCase=true} for /schema/analysis/stopwords/english
2024-06-28 12:37:52.904 INFO  (coreLoadExecutor-11-thread-1) [ x:octo-spoon] o.a.s.r.s.a.ManagedWordSetResource Loaded 35 words for /schema/analysis/stopwords/english
2024-06-28 12:37:52.904 INFO  (coreLoadExecutor-11-thread-1) [ x:octo-spoon] o.a.s.r.ManagedResource Notified 2 observers of /schema/analysis/stopwords/english
2024-06-28 12:37:52.914 INFO  (coreLoadExecutor-11-thread-1) [ x:octo-spoon] o.a.s.r.ManagedResourceStorage Loaded LinkedHashMap at path _schema_analysis_synonyms_english.json using file:dir=D:\ChatBot\solr\solr-9.4.0\server\solr\octo-spoon\conf
2024-06-28 12:37:52.914 INFO  (coreLoadExecutor-11-thread-1) [ x:octo-spoon] o.a.s.r.ManagedResource Loaded initArgs {ignoreCase=true, format=solr} for /schema/analysis/synonyms/english
2024-06-28 12:37:52.914 INFO  (coreLoadExecutor-11-thread-1) [ x:octo-spoon] o.a.s.r.s.a.ManagedSynonymGraphFilterFactory Loaded 3 synonym mappings for /schema/analysis/synonyms/english
2024-06-28 12:37:52.916 INFO  (coreLoadExecutor-11-thread-1) [ x:octo-spoon] o.a.s.r.ManagedResource Notified 2 observers of /schema/analysis/synonyms/english
2024-06-28 12:37:52.941 INFO  (coreLoadExecutor-11-thread-1) [ x:octo-spoon] o.a.s.s.DirectSolrSpellChecker init: {name=default, field=text, classname=solr.DirectSolrSpellChecker, distanceMeasure=internal, maxEdits=2, minPrefix=1, maxInspections=5, minQueryLength=4, accuracy=0.5, maxQueryFrequency=0.01}
2024-06-28 12:37:52.950 INFO  (coreLoadExecutor-11-thread-1) [ x:octo-spoon] o.a.s.h.c.SuggestComponent Initializing SuggestComponent
2024-06-28 12:37:52.953 INFO  (coreLoadExecutor-11-thread-1) [ x:octo-spoon] o.a.s.s.s.SolrSuggester init: {name=mySuggester, lookupImpl=FuzzyLookupFactory, dictionaryImpl=DocumentDictionaryFactory, field=cat, weightField=price, suggestAnalyzerFieldType=string, buildOnStartup=false}
2024-06-28 12:37:52.967 INFO  (coreLoadExecutor-11-thread-1) [ x:octo-spoon] o.a.s.s.s.SolrSuggester Dictionary loaded with params: {name=mySuggester, lookupImpl=FuzzyLookupFactory, dictionaryImpl=DocumentDictionaryFactory, field=cat, weightField=price, suggestAnalyzerFieldType=string, buildOnStartup=false}
2024-06-28 12:37:52.986 INFO  (coreLoadExecutor-11-thread-1) [ x:octo-spoon] o.a.s.h.ReplicationHandler Commits will be reserved for 10000 ms
2024-06-28 12:37:53.088 INFO  (searcherExecutor-13-thread-1-processing-octo-spoon) [ x:octo-spoon] o.a.s.c.S.Request webapp=null path=null params={q=static+firstSearcher+warming+in+solrconfig.xml&distrib=false&event=firstSearcher} hits=7 status=0 QTime=78
2024-06-28 12:37:53.127 INFO  (searcherExecutor-13-thread-1-processing-octo-spoon) [ x:octo-spoon] o.a.s.c.QuerySenderListener QuerySenderListener done.
2024-06-28 12:37:53.127 INFO  (searcherExecutor-13-thread-1-processing-octo-spoon) [ x:octo-spoon] o.a.s.h.c.SpellCheckComponent Loading spell index for spellchecker: default
2024-06-28 12:37:53.127 INFO  (searcherExecutor-13-thread-1-processing-octo-spoon) [ x:octo-spoon] o.a.s.h.c.SpellCheckComponent Loading spell index for spellchecker: wordbreak
2024-06-28 12:37:53.136 INFO  (searcherExecutor-13-thread-1-processing-octo-spoon) [ x:octo-spoon] o.a.s.c.SolrCore Registered new searcher autowarm time: 0 ms
2024-06-28 12:48:59.944 INFO  (qtp854733477-25) [ x:octo-spoon t:localhost-2] o.a.s.c.S.Request webapp=/solr path=/select params={q=content:doctor+OR+key:doctor&start=0&rows=1&wt=javabin&version=2} hits=0 status=0 QTime=809
2024-06-28 12:49:25.681 INFO  (qtp854733477-23) [ x:octo-spoon t:localhost-3] o.a.s.c.S.Request webapp=/solr path=/select params={q=content:doctors+OR+key:doctors&start=0&rows=1&wt=javabin&version=2} hits=1 status=0 QTime=15
2024-06-28 12:49:54.778 INFO  (qtp854733477-22) [ x:octo-spoon t:localhost-4] o.a.s.c.S.Request webapp=/solr path=/select params={q=content:Dang+Hoang+Tuan+OR+key:Dang+Hoang+Tuan&start=0&rows=1&wt=javabin&version=2} hits=4 status=0 QTime=47
2024-06-28 12:50:05.033 INFO  (qtp854733477-23) [ x:octo-spoon t:localhost-5] o.a.s.c.S.Request webapp=/solr path=/select params={q=content:Dang+Hoang+Tuan+hot+boy+OR+key:Dang+Hoang+Tuan+hot+boy&start=0&rows=1&wt=javabin&version=2} hits=4 status=0 QTime=22
